  example12-10.c
C:\Users\kimmitator\source\repos\ksa_example12\example12-10.c(9,24): warning C4020: 'strcat': 실제 매개 변수가 너무 많습니다.
C:\Users\kimmitator\source\repos\ksa_example12\example12-10.c(7,2): warning C4996: 'strcat': This function or variable may be unsafe. Consider using strcat_s instead. To disable deprecation, use _CRT_SECURE_NO_WARNINGS. See online help for details.
C:\Users\kimmitator\source\repos\ksa_example12\example12-10.c(9,2): warning C4996: 'strcat': This function or variable may be unsafe. Consider using strcat_s instead. To disable deprecation, use _CRT_SECURE_NO_WARNINGS. See online help for details.
  example12-11.c
C:\Users\kimmitator\source\repos\ksa_example12\example12-11.c(9,2): warning C4996: 'scanf': This function or variable may be unsafe. Consider using scanf_s instead. To disable deprecation, use _CRT_SECURE_NO_WARNINGS. See online help for details.
  example12-12.c
  example12-8.c
C:\Users\kimmitator\source\repos\ksa_example12\example12-8.c(12,2): warning C4996: 'strcpy': This function or variable may be unsafe. Consider using strcpy_s instead. To disable deprecation, use _CRT_SECURE_NO_WARNINGS. See online help for details.
C:\Users\kimmitator\source\repos\ksa_example12\example12-8.c(15,2): warning C4996: 'strcpy': This function or variable may be unsafe. Consider using strcpy_s instead. To disable deprecation, use _CRT_SECURE_NO_WARNINGS. See online help for details.
C:\Users\kimmitator\source\repos\ksa_example12\example12-8.c(18,2): warning C4996: 'strcpy': This function or variable may be unsafe. Consider using strcpy_s instead. To disable deprecation, use _CRT_SECURE_NO_WARNINGS. See online help for details.
C:\Users\kimmitator\source\repos\ksa_example12\example12-8.c(21,2): warning C4996: 'strcpy': This function or variable may be unsafe. Consider using strcpy_s instead. To disable deprecation, use _CRT_SECURE_NO_WARNINGS. See online help for details.
  example12-9.c
C:\Users\kimmitator\source\repos\ksa_example12\example12-9.c(7,2): warning C4996: 'strncpy': This function or variable may be unsafe. Consider using strncpy_s instead. To disable deprecation, use _CRT_SECURE_NO_WARNINGS. See online help for details.
  main.c
C:\Users\kimmitator\source\repos\ksa_example12\main.c(11,12): warning C4013: 'example1'이(가) 정의되지 않았습니다. extern은 int형을 반환하는 것으로 간주합니다.
C:\Users\kimmitator\source\repos\ksa_example12\main.c(15,12): warning C4013: 'example2'이(가) 정의되지 않았습니다. extern은 int형을 반환하는 것으로 간주합니다.
C:\Users\kimmitator\source\repos\ksa_example12\main.c(19,12): warning C4013: 'example3'이(가) 정의되지 않았습니다. extern은 int형을 반환하는 것으로 간주합니다.
C:\Users\kimmitator\source\repos\ksa_example12\main.c(23,12): warning C4013: 'example4'이(가) 정의되지 않았습니다. extern은 int형을 반환하는 것으로 간주합니다.
C:\Users\kimmitator\source\repos\ksa_example12\main.c(27,12): warning C4013: 'example5'이(가) 정의되지 않았습니다. extern은 int형을 반환하는 것으로 간주합니다.
C:\Users\kimmitator\source\repos\ksa_example12\main.c(31,12): warning C4013: 'example6'이(가) 정의되지 않았습니다. extern은 int형을 반환하는 것으로 간주합니다.
C:\Users\kimmitator\source\repos\ksa_example12\main.c(35,12): warning C4013: 'example7'이(가) 정의되지 않았습니다. extern은 int형을 반환하는 것으로 간주합니다.
C:\Users\kimmitator\source\repos\ksa_example12\main.c(39,12): warning C4013: 'example8'이(가) 정의되지 않았습니다. extern은 int형을 반환하는 것으로 간주합니다.
C:\Users\kimmitator\source\repos\ksa_example12\main.c(43,12): warning C4013: 'example9'이(가) 정의되지 않았습니다. extern은 int형을 반환하는 것으로 간주합니다.
C:\Users\kimmitator\source\repos\ksa_example12\main.c(47,13): warning C4013: 'example10'이(가) 정의되지 않았습니다. extern은 int형을 반환하는 것으로 간주합니다.
C:\Users\kimmitator\source\repos\ksa_example12\main.c(51,13): warning C4013: 'example11'이(가) 정의되지 않았습니다. extern은 int형을 반환하는 것으로 간주합니다.
C:\Users\kimmitator\source\repos\ksa_example12\main.c(55,13): warning C4013: 'example12'이(가) 정의되지 않았습니다. extern은 int형을 반환하는 것으로 간주합니다.
  코드를 생성하고 있습니다...
  ksa_example12.vcxproj -> C:\Users\kimmitator\source\repos\ksa_example12\Debug\ksa_example12.exe
